<?xml version="1.0" encoding="UTF-8"?>
<!-- Generated by org.testng.reporters.JUnitXMLReporter -->
<testsuite ignored="2" hostname="LAPTOP-16B2CL7O" failures="0" tests="2" name="Test" time="0.368" errors="0" timestamp="2024-06-14T00:21:44 IST">
  <testcase classname="TestNG.Test_Annotation_Attributes" name="HDFC_Bank" time="0.042"/>
  <testcase classname="TestNG.Test_Annotation_Attributes" name="ICICI_Bank" time="0.023"/>
  <testcase classname="TestNG.Test_Annotation_Attributes" name="IBM" time="0.0">
    <ignored/>
  </testcase> <!-- IBM -->
  <testcase classname="TestNG.Test_Annotation_Attributes" name="TCS" time="0.0">
    <ignored/>
  </testcase> <!-- TCS -->
</testsuite> <!-- Test -->
