<?xml version="1.0" encoding="UTF-8"?>
<!-- Generated by org.testng.reporters.JUnitXMLReporter -->
<testsuite ignored="0" hostname="LAPTOP-16B2CL7O" failures="0" tests="4" name="Groups" time="0.601" errors="0" timestamp="2024-06-13T23:26:06 IST">
  <testcase classname="TestNG.Test_Annotation_Attributes" name="HDFC_Bank" time="0.025"/>
  <testcase classname="TestNG.Test_Annotation_Attributes" name="IBM" time="0.014"/>
  <testcase classname="TestNG.Test_Annotation_Attributes" name="ICICI_Bank" time="0.006"/>
  <testcase classname="TestNG.Test_Annotation_Attributes" name="TCS" time="0.008"/>
</testsuite> <!-- Groups -->
