<?xml version="1.0" encoding="UTF-8"?>
<!-- Generated by org.testng.reporters.JUnitXMLReporter -->
<testsuite ignored="1" hostname="LAPTOP-16B2CL7O" failures="0" tests="4" name="Test" time="0.364" errors="0" timestamp="2024-06-13T21:27:29 IST">
  <testcase classname="Demos.Enable_Disable_XML" name="Test1_22222" time="0.05"/>
  <testcase classname="Demos.Enable_Disable_XML" name="Test_Case_1" time="0.009"/>
  <testcase classname="Demos.Enable_Disable_XML" name="Test_Case_3" time="0.006"/>
  <testcase classname="Demos.Enable_Disable_XML" name="Test_Case_4" time="0.018"/>
  <testcase classname="Demos.Enable_Disable_XML" name="Test_Case_2" time="0.0">
    <ignored/>
  </testcase> <!-- Test_Case_2 -->
</testsuite> <!-- Test -->
